{"numTotalTestSuites":175,"numPassedTestSuites":173,"numFailedTestSuites":2,"numPendingTestSuites":0,"numTotalTests":505,"numPassedTests":504,"numFailedTests":1,"numPendingTests":0,"numTodoTests":0,"snapshot":{"added":0,"failure":false,"filesAdded":0,"filesRemoved":0,"filesRemovedList":[],"filesUnmatched":0,"filesUpdated":0,"matched":0,"total":0,"unchecked":0,"uncheckedKeysByFile":[],"unmatched":0,"updated":0,"didUpdate":false},"startTime":1768083515378,"success":false,"testResults":[{"assertionResults":[{"ancestorTitles":["SliderInput","max/min bounds validation"],"fullName":"SliderInput max/min bounds validation should clamp text input value to max when value exceeds max","status":"passed","title":"should clamp text input value to max when value exceeds max","duration":265.352433,"failureMessages":[],"meta":{}},{"ancestorTitles":["SliderInput","max/min bounds validation"],"fullName":"SliderInput max/min bounds validation should clamp text input value to min when value is below min","status":"passed","title":"should clamp text input value to min when value is below min","duration":83.92810800000007,"failureMessages":[],"meta":{}},{"ancestorTitles":["SliderInput","max/min bounds validation"],"fullName":"SliderInput max/min bounds validation should clamp value on blur when text input exceeds max","status":"passed","title":"should clamp value on blur when text input exceeds max","duration":69.94678999999996,"failureMessages":[],"meta":{}},{"ancestorTitles":["SliderInput","max/min bounds validation"],"fullName":"SliderInput max/min bounds validation should accept values within the valid range","status":"passed","title":"should accept values within the valid range","duration":62.788088000000016,"failureMessages":[],"meta":{}},{"ancestorTitles":["SliderInput","max/min bounds validation"],"fullName":"SliderInput max/min bounds validation slider input should have correct min and max attributes","status":"passed","title":"slider input should have correct min and max attributes","duration":34.04559199999994,"failureMessages":[],"meta":{}},{"ancestorTitles":["SliderInput","max/min bounds validation"],"fullName":"SliderInput max/min bounds validation should handle edge case at exact max value","status":"passed","title":"should handle edge case at exact max value","duration":39.69156799999996,"failureMessages":[],"meta":{}},{"ancestorTitles":["SliderInput","max/min bounds validation"],"fullName":"SliderInput max/min bounds validation should handle edge case at exact min value","status":"passed","title":"should handle edge case at exact min value","duration":29.942794999999933,"failureMessages":[],"meta":{}}],"startTime":1768083516565,"endTime":1768083517150.9429,"status":"passed","message":"","name":"/home/runner/work/fire-tools/fire-tools/src/components/SliderInput.test.tsx"},{"assertionResults":[{"ancestorTitles":["Asset Classes Table - Target Allocation Redistribution","Example 1: Stocks 60%, Bonds 40%, Cash SET"],"fullName":"Asset Classes Table - Target Allocation Redistribution Example 1: Stocks 60%, Bonds 40%, Cash SET should redistribute to Bonds when Stocks is changed to 30%","status":"passed","title":"should redistribute to Bonds when Stocks is changed to 30%","duration":2.2982210000000123,"failureMessages":[],"meta":{}},{"ancestorTitles":["Asset Classes Table - Target Allocation Redistribution","Example 1: Stocks 60%, Bonds 40%, Cash SET"],"fullName":"Asset Classes Table - Target Allocation Redistribution Example 1: Stocks 60%, Bonds 40%, Cash SET should NOT affect Cash SET mode when redistributing","status":"passed","title":"should NOT affect Cash SET mode when redistributing","duration":0.5444139999999607,"failureMessages":[],"meta":{}},{"ancestorTitles":["Asset Classes Table - Target Allocation Redistribution","Example 2: Stocks 60%, Bonds 35%, Cash 5%"],"fullName":"Asset Classes Table - Target Allocation Redistribution Example 2: Stocks 60%, Bonds 35%, Cash 5% should redistribute proportionally when Cash is changed to 10%","status":"passed","title":"should redistribute proportionally when Cash is changed to 10%","duration":0.567457000000104,"failureMessages":[],"meta":{}},{"ancestorTitles":["Asset-Specific Table - Target Allocation Redistribution","Example 1: Stock assets redistribution based on TARGET PERCENTAGES"],"fullName":"Asset-Specific Table - Target Allocation Redistribution Example 1: Stock assets redistribution based on TARGET PERCENTAGES should redistribute proportionally based on TARGET PERCENTAGES when VBR changes from 45% to 25%","status":"passed","title":"should redistribute proportionally based on TARGET PERCENTAGES when VBR changes from 45% to 25%","duration":1.0930160000000342,"failureMessages":[],"meta":{}},{"ancestorTitles":["Asset-Specific Table - Target Allocation Redistribution","Example 1: Stock assets redistribution based on TARGET PERCENTAGES"],"fullName":"Asset-Specific Table - Target Allocation Redistribution Example 1: Stock assets redistribution based on TARGET PERCENTAGES should redistribute based on TARGET PERCENTAGES","status":"passed","title":"should redistribute based on TARGET PERCENTAGES","duration":0.4106050000000323,"failureMessages":[],"meta":{}},{"ancestorTitles":["Asset-Specific Table - Target Allocation Redistribution","Example 2: Bond assets - Asset deletion"],"fullName":"Asset-Specific Table - Target Allocation Redistribution Example 2: Bond assets - Asset deletion should redistribute proportionally when BNDX is deleted","status":"passed","title":"should redistribute proportionally when BNDX is deleted","duration":0.7432340000000295,"failureMessages":[],"meta":{}},{"ancestorTitles":["Asset-Specific Table - Target Allocation Redistribution","Example 2: Bond assets - Asset deletion"],"fullName":"Asset-Specific Table - Target Allocation Redistribution Example 2: Bond assets - Asset deletion should redistribute proportionally with unequal percentages","status":"passed","title":"should redistribute proportionally with unequal percentages","duration":0.4723189999999704,"failureMessages":[],"meta":{}},{"ancestorTitles":["Asset-Specific Table - Target Allocation Redistribution","Edge cases"],"fullName":"Asset-Specific Table - Target Allocation Redistribution Edge cases should distribute equally when all other assets have 0 target percent (equal distribution)","status":"passed","title":"should distribute equally when all other assets have 0 target percent (equal distribution)","duration":0.4915559999999459,"failureMessages":[],"meta":{}},{"ancestorTitles":["Asset-Specific Table - Target Allocation Redistribution","Edge cases"],"fullName":"Asset-Specific Table - Target Allocation Redistribution Edge cases should distribute equally when all other assets have 0 target percent (regardless of current value)","status":"passed","title":"should distribute equally when all other assets have 0 target percent (regardless of current value)","duration":0.6350529999999708,"failureMessages":[],"meta":{}},{"ancestorTitles":["Asset-Specific Table - Target Allocation Redistribution","Edge cases"],"fullName":"Asset-Specific Table - Target Allocation Redistribution Edge cases should not affect assets in other classes","status":"passed","title":"should not affect assets in other classes","duration":0.8510650000000624,"failureMessages":[],"meta":{}},{"ancestorTitles":["Asset-Specific Table - Target Allocation Redistribution","Edge cases"],"fullName":"Asset-Specific Table - Target Allocation Redistribution Edge cases should not affect SET mode assets when redistributing","status":"passed","title":"should not affect SET mode assets when redistributing","duration":0.3703400000001693,"failureMessages":[],"meta":{}},{"ancestorTitles":["Asset-Specific Table - Target Allocation Redistribution","Edge cases"],"fullName":"Asset-Specific Table - Target Allocation Redistribution Edge cases should handle deletion of last percentage-based asset in class","status":"passed","title":"should handle deletion of last percentage-based asset in class","duration":0.40776000000005297,"failureMessages":[],"meta":{}},{"ancestorTitles":["Asset-Specific Table - Target Percentage Redistribution (Issue Fix)","Basic proportional redistribution based on target percentages"],"fullName":"Asset-Specific Table - Target Percentage Redistribution (Issue Fix) Basic proportional redistribution based on target percentages should redistribute 50/30/20 to 40/36/24 when first asset changes from 50% to 40%","status":"passed","title":"should redistribute 50/30/20 to 40/36/24 when first asset changes from 50% to 40%","duration":0.5227139999999508,"failureMessages":[],"meta":{}},{"ancestorTitles":["Asset-Specific Table - Target Percentage Redistribution (Issue Fix)","Basic proportional redistribution based on target percentages"],"fullName":"Asset-Specific Table - Target Percentage Redistribution (Issue Fix) Basic proportional redistribution based on target percentages should redistribute 60/25/15 to 50/30/20 when first asset changes from 60% to 50%","status":"passed","title":"should redistribute 60/25/15 to 50/30/20 when first asset changes from 60% to 50%","duration":0.5693400000000111,"failureMessages":[],"meta":{}},{"ancestorTitles":["Asset-Specific Table - Target Percentage Redistribution (Issue Fix)","Basic proportional redistribution based on target percentages"],"fullName":"Asset-Specific Table - Target Percentage Redistribution (Issue Fix) Basic proportional redistribution based on target percentages should redistribute when increasing percentage (40/30/30 to 50/25/25)","status":"passed","title":"should redistribute when increasing percentage (40/30/30 to 50/25/25)","duration":0.5500739999999951,"failureMessages":[],"meta":{}},{"ancestorTitles":["Asset-Specific Table - Target Percentage Redistribution (Issue Fix)","Total percentage validation - NEVER above 100%"],"fullName":"Asset-Specific Table - Target Percentage Redistribution (Issue Fix) Total percentage validation - NEVER above 100% should ensure total is exactly 100% even with floating point arithmetic","status":"passed","title":"should ensure total is exactly 100% even with floating point arithmetic","duration":0.43253600000002734,"failureMessages":[],"meta":{}},{"ancestorTitles":["Asset-Specific Table - Target Percentage Redistribution (Issue Fix)","Total percentage validation - NEVER above 100%"],"fullName":"Asset-Specific Table - Target Percentage Redistribution (Issue Fix) Total percentage validation - NEVER above 100% should never allow total to exceed 100% regardless of input","status":"passed","title":"should never allow total to exceed 100% regardless of input","duration":0.278639000000112,"failureMessages":[],"meta":{}},{"ancestorTitles":["Asset-Specific Table - Target Percentage Redistribution (Issue Fix)","Rounding adjustment - least value asset gets extra"],"fullName":"Asset-Specific Table - Target Percentage Redistribution (Issue Fix) Rounding adjustment - least value asset gets extra should give rounding remainder to asset with least current value","status":"passed","title":"should give rounding remainder to asset with least current value","duration":0.4724399999997786,"failureMessages":[],"meta":{}},{"ancestorTitles":["Asset-Specific Table - Target Percentage Redistribution (Issue Fix)","Rounding adjustment - least value asset gets extra"],"fullName":"Asset-Specific Table - Target Percentage Redistribution (Issue Fix) Rounding adjustment - least value asset gets extra should handle equal values by adjusting first in sorted order","status":"passed","title":"should handle equal values by adjusting first in sorted order","duration":0.23036900000010974,"failureMessages":[],"meta":{}},{"ancestorTitles":["Asset-Specific Table - Target Percentage Redistribution (Issue Fix)","Edge cases for target percentage redistribution"],"fullName":"Asset-Specific Table - Target Percentage Redistribution (Issue Fix) Edge cases for target percentage redistribution should handle assets with 0 target percentage","status":"passed","title":"should handle assets with 0 target percentage","duration":0.49071399999979803,"failureMessages":[],"meta":{}},{"ancestorTitles":["Asset-Specific Table - Target Percentage Redistribution (Issue Fix)","Edge cases for target percentage redistribution"],"fullName":"Asset-Specific Table - Target Percentage Redistribution (Issue Fix) Edge cases for target percentage redistribution should not affect assets in different classes","status":"passed","title":"should not affect assets in different classes","duration":0.5586299999999937,"failureMessages":[],"meta":{}},{"ancestorTitles":["Asset-Specific Table - Delta Calculation","Delta reflects class target changes"],"fullName":"Asset-Specific Table - Delta Calculation Delta reflects class target changes should show correct delta when stocks target changes from 60% to 10%","status":"passed","title":"should show correct delta when stocks target changes from 60% to 10%","duration":0.3197050000001127,"failureMessages":[],"meta":{}},{"ancestorTitles":["Asset-Specific Table - Delta Calculation","Delta reflects class target changes"],"fullName":"Asset-Specific Table - Delta Calculation Delta reflects class target changes should show correct delta when stocks target changes from 60% to 30%","status":"passed","title":"should show correct delta when stocks target changes from 60% to 30%","duration":0.17804200000000492,"failureMessages":[],"meta":{}},{"ancestorTitles":["Asset-Specific Table - Delta Calculation","Delta reflects class target changes"],"fullName":"Asset-Specific Table - Delta Calculation Delta reflects class target changes should include cash adjustment in non-cash class delta","status":"passed","title":"should include cash adjustment in non-cash class delta","duration":0.19515400000000227,"failureMessages":[],"meta":{}},{"ancestorTitles":["Asset-Specific Table - Delta Calculation","Delta reflects class target changes"],"fullName":"Asset-Specific Table - Delta Calculation Delta reflects class target changes should subtract cash SAVE from non-cash class delta","status":"passed","title":"should subtract cash SAVE from non-cash class delta","duration":0.22084200000017518,"failureMessages":[],"meta":{}},{"ancestorTitles":["Asset-Specific Table - Delta Calculation","Delta reflects class target changes"],"fullName":"Asset-Specific Table - Delta Calculation Delta reflects class target changes should calculate bonds delta with negative class target delta","status":"passed","title":"should calculate bonds delta with negative class target delta","duration":0.27259700000013254,"failureMessages":[],"meta":{}},{"ancestorTitles":["Cash delta distribution to subtables (Issue Scenario)"],"fullName":"Cash delta distribution to subtables (Issue Scenario) should distribute -15k cash (INVEST) as +9k stocks and +6k bonds (60/40 split)","status":"passed","title":"should distribute -15k cash (INVEST) as +9k stocks and +6k bonds (60/40 split)","duration":0.42342900000016925,"failureMessages":[],"meta":{}},{"ancestorTitles":["Cash delta distribution to subtables (Issue Scenario)"],"fullName":"Cash delta distribution to subtables (Issue Scenario) should calculate individual asset deltas within stocks subtable","status":"passed","title":"should calculate individual asset deltas within stocks subtable","duration":0.391159000000016,"failureMessages":[],"meta":{}},{"ancestorTitles":["Cash delta distribution to subtables (Issue Scenario)"],"fullName":"Cash delta distribution to subtables (Issue Scenario) should calculate individual asset deltas within bonds subtable","status":"passed","title":"should calculate individual asset deltas within bonds subtable","duration":0.2727980000001935,"failureMessages":[],"meta":{}},{"ancestorTitles":["Cash delta distribution to subtables (Issue Scenario)"],"fullName":"Cash delta distribution to subtables (Issue Scenario) should handle SAVE scenario (positive cash delta)","status":"passed","title":"should handle SAVE scenario (positive cash delta)","duration":0.2392459999998664,"failureMessages":[],"meta":{}},{"ancestorTitles":["Cash delta distribution to subtables (Issue Scenario)"],"fullName":"Cash delta distribution to subtables (Issue Scenario) should handle unequal non-cash class distribution","status":"passed","title":"should handle unequal non-cash class distribution","duration":0.3511239999997997,"failureMessages":[],"meta":{}},{"ancestorTitles":["Asset Classes Table - Portfolio Calculations"],"fullName":"Asset Classes Table - Portfolio Calculations should calculate correct percentages and targets for 70k portfolio","status":"passed","title":"should calculate correct percentages and targets for 70k portfolio","duration":0.8221820000001117,"failureMessages":[],"meta":{}},{"ancestorTitles":["Asset Classes Table - Portfolio Calculations"],"fullName":"Asset Classes Table - Portfolio Calculations should handle cash increase scenario with INVEST action","status":"passed","title":"should handle cash increase scenario with INVEST action","duration":0.27993100000003324,"failureMessages":[],"meta":{}},{"ancestorTitles":["Asset Classes Table - Portfolio Calculations"],"fullName":"Asset Classes Table - Portfolio Calculations should verify total portfolio value calculations","status":"passed","title":"should verify total portfolio value calculations","duration":0.19017400000007,"failureMessages":[],"meta":{}},{"ancestorTitles":["Adding New Asset - Percentage Redistribution"],"fullName":"Adding New Asset - Percentage Redistribution should redistribute 30/20/50 to 27/18/45 when adding 10% asset","status":"passed","title":"should redistribute 30/20/50 to 27/18/45 when adding 10% asset","duration":0.7186389999999392,"failureMessages":[],"meta":{}},{"ancestorTitles":["Adding New Asset - Percentage Redistribution"],"fullName":"Adding New Asset - Percentage Redistribution should redistribute 60/40 to 48/32 when adding 20% asset","status":"passed","title":"should redistribute 60/40 to 48/32 when adding 20% asset","duration":0.4082100000000537,"failureMessages":[],"meta":{}},{"ancestorTitles":["Adding New Asset - Percentage Redistribution"],"fullName":"Adding New Asset - Percentage Redistribution should not affect assets in other classes when adding","status":"passed","title":"should not affect assets in other classes when adding","duration":0.9927589999999782,"failureMessages":[],"meta":{}},{"ancestorTitles":["Adding New Asset - Percentage Redistribution"],"fullName":"Adding New Asset - Percentage Redistribution should not redistribute if adding SET mode asset","status":"passed","title":"should not redistribute if adding SET mode asset","duration":0.3355750000000626,"failureMessages":[],"meta":{}},{"ancestorTitles":["Adding New Asset - Percentage Redistribution"],"fullName":"Adding New Asset - Percentage Redistribution should handle adding to empty class (no redistribution needed)","status":"passed","title":"should handle adding to empty class (no redistribution needed)","duration":0.39783200000010766,"failureMessages":[],"meta":{}},{"ancestorTitles":["Adding New Asset - Percentage Redistribution"],"fullName":"Adding New Asset - Percentage Redistribution should handle adding 25% asset to 40/35/25 split","status":"passed","title":"should handle adding 25% asset to 40/35/25 split","duration":2.347242000000051,"failureMessages":[],"meta":{}},{"ancestorTitles":["Issue Scenario: Cash increase + 100% Bonds target"],"fullName":"Issue Scenario: Cash increase + 100% Bonds target should calculate correct deltas when cash increases to 10k and Bonds target is 100%","status":"passed","title":"should calculate correct deltas when cash increases to 10k and Bonds target is 100%","duration":0.5027769999999236,"failureMessages":[],"meta":{}},{"ancestorTitles":["Issue Scenario: Cash increase + 100% Bonds target"],"fullName":"Issue Scenario: Cash increase + 100% Bonds target should correctly distribute cash to bonds when stocks is 0%","status":"passed","title":"should correctly distribute cash to bonds when stocks is 0%","duration":0.17324299999995674,"failureMessages":[],"meta":{}},{"ancestorTitles":["Issue Scenario: Cash increase + 100% Bonds target"],"fullName":"Issue Scenario: Cash increase + 100% Bonds target should verify portfolio value calculation matches expected","status":"passed","title":"should verify portfolio value calculation matches expected","duration":0.15369600000008177,"failureMessages":[],"meta":{}},{"ancestorTitles":["Issue Scenario: Cash increase + 100% Bonds target"],"fullName":"Issue Scenario: Cash increase + 100% Bonds target should distribute bonds delta (40k) correctly to individual bond assets (50/30/20 split)","status":"passed","title":"should distribute bonds delta (40k) correctly to individual bond assets (50/30/20 split)","duration":1.524359000000004,"failureMessages":[],"meta":{}},{"ancestorTitles":["Asset Classes Table - Correct delta and target with cash distribution"],"fullName":"Asset Classes Table - Correct delta and target with cash distribution should calculate correct Asset Classes table values with 60/40 stocks/bonds and INVEST cash","status":"passed","title":"should calculate correct Asset Classes table values with 60/40 stocks/bonds and INVEST cash","duration":0.4312130000000707,"failureMessages":[],"meta":{}},{"ancestorTitles":["Asset Classes Table - Correct delta and target with cash distribution"],"fullName":"Asset Classes Table - Correct delta and target with cash distribution should handle 100% bonds scenario correctly","status":"passed","title":"should handle 100% bonds scenario correctly","duration":0.2675380000000587,"failureMessages":[],"meta":{}},{"ancestorTitles":["Integration: calculateAllocationDeltas with cash adjustment"],"fullName":"Integration: calculateAllocationDeltas with cash adjustment should include cash adjustment in individual bond asset deltas","status":"passed","title":"should include cash adjustment in individual bond asset deltas","duration":1.0467800000001262,"failureMessages":[],"meta":{}},{"ancestorTitles":["Allocation Percentage Bug Fixes","Bug 1: Current allocation percentages must sum to 100% or less"],"fullName":"Allocation Percentage Bug Fixes Bug 1: Current allocation percentages must sum to 100% or less should calculate currentPercent based on total holdings, not portfolio value","status":"passed","title":"should calculate currentPercent based on total holdings, not portfolio value","duration":1.0633609999999862,"failureMessages":[],"meta":{}},{"ancestorTitles":["Allocation Percentage Bug Fixes","Bug 1: Current allocation percentages must sum to 100% or less"],"fullName":"Allocation Percentage Bug Fixes Bug 1: Current allocation percentages must sum to 100% or less should have currentPercent sum to 100% in calculatePortfolioAllocation","status":"passed","title":"should have currentPercent sum to 100% in calculatePortfolioAllocation","duration":0.6442110000000412,"failureMessages":[],"meta":{}},{"ancestorTitles":["Allocation Percentage Bug Fixes","Bug 1: Current allocation percentages must sum to 100% or less"],"fullName":"Allocation Percentage Bug Fixes Bug 1: Current allocation percentages must sum to 100% or less should calculate correct currentPercent for individual assets using total holdings","status":"passed","title":"should calculate correct currentPercent for individual assets using total holdings","duration":0.5577489999998306,"failureMessages":[],"meta":{}},{"ancestorTitles":["Allocation Percentage Bug Fixes","Bug 2: Asset-specific deltas should sum to class delta"],"fullName":"Allocation Percentage Bug Fixes Bug 2: Asset-specific deltas should sum to class delta should have sum of individual asset deltas equal to class delta","status":"passed","title":"should have sum of individual asset deltas equal to class delta","duration":0.6139930000001641,"failureMessages":[],"meta":{}},{"ancestorTitles":["Allocation Percentage Bug Fixes","Bug 2: Asset-specific deltas should sum to class delta"],"fullName":"Allocation Percentage Bug Fixes Bug 2: Asset-specific deltas should sum to class delta should distribute class delta proportionally to individual assets based on target percent","status":"passed","title":"should distribute class delta proportionally to individual assets based on target percent","duration":0.3845169999999598,"failureMessages":[],"meta":{}}],"startTime":1768083519857,"endTime":1768083519889.3845,"status":"passed","message":"","name":"/home/runner/work/fire-tools/fire-tools/src/utils/allocationRedistribution.test.ts"},{"assertionResults":[{"ancestorTitles":["Security banner preferences"],"fullName":"Security banner preferences should default to not dismissed","status":"passed","title":"should default to not dismissed","duration":2.202613000000042,"failureMessages":[],"meta":{}},{"ancestorTitles":["Security banner preferences"],"fullName":"Security banner preferences should persist dismissal state","status":"passed","title":"should persist dismissal state","duration":7.306459000000018,"failureMessages":[],"meta":{}},{"ancestorTitles":["Security banner preferences"],"fullName":"Security banner preferences should handle corrupted data gracefully","status":"passed","title":"should handle corrupted data gracefully","duration":1.0068850000000111,"failureMessages":[],"meta":{}},{"ancestorTitles":["Security banner preferences"],"fullName":"Security banner preferences should clear preference","status":"passed","title":"should clear preference","duration":1.4020610000000033,"failureMessages":[],"meta":{}}],"startTime":1768083522013,"endTime":1768083522025.402,"status":"passed","message":"","name":"/home/runner/work/fire-tools/fire-tools/src/utils/bannerPreferences.test.ts"},{"assertionResults":[{"ancestorTitles":["Chart Helper - calculateXAxisInterval","Small datasets (20 years or less)"],"fullName":"Chart Helper - calculateXAxisInterval Small datasets (20 years or less) should return \"preserveStartEnd\" for datasets with 20 or fewer data points","status":"passed","title":"should return \"preserveStartEnd\" for datasets with 20 or fewer data points","duration":1.2122080000000324,"failureMessages":[],"meta":{}},{"ancestorTitles":["Chart Helper - calculateXAxisInterval","Small datasets (20 years or less)"],"fullName":"Chart Helper - calculateXAxisInterval Small datasets (20 years or less) should return \"preserveStartEnd\" for datasets with 15 data points","status":"passed","title":"should return \"preserveStartEnd\" for datasets with 15 data points","duration":0.16695100000004004,"failureMessages":[],"meta":{}},{"ancestorTitles":["Chart Helper - calculateXAxisInterval","Small datasets (20 years or less)"],"fullName":"Chart Helper - calculateXAxisInterval Small datasets (20 years or less) should return \"preserveStartEnd\" for datasets with 1 data point","status":"passed","title":"should return \"preserveStartEnd\" for datasets with 1 data point","duration":0.21864700000003268,"failureMessages":[],"meta":{}},{"ancestorTitles":["Chart Helper - calculateXAxisInterval","Medium datasets (21-40 years)"],"fullName":"Chart Helper - calculateXAxisInterval Medium datasets (21-40 years) should return 1 (show every 2nd tick) for datasets with 30 data points","status":"passed","title":"should return 1 (show every 2nd tick) for datasets with 30 data points","duration":0.17198099999995975,"failureMessages":[],"meta":{}},{"ancestorTitles":["Chart Helper - calculateXAxisInterval","Medium datasets (21-40 years)"],"fullName":"Chart Helper - calculateXAxisInterval Medium datasets (21-40 years) should return 1 (show every 2nd tick) for datasets with 40 data points","status":"passed","title":"should return 1 (show every 2nd tick) for datasets with 40 data points","duration":0.20258699999999408,"failureMessages":[],"meta":{}},{"ancestorTitles":["Chart Helper - calculateXAxisInterval","Medium datasets (21-40 years)"],"fullName":"Chart Helper - calculateXAxisInterval Medium datasets (21-40 years) should return 1 (show every 2nd tick) for datasets with 21 data points","status":"passed","title":"should return 1 (show every 2nd tick) for datasets with 21 data points","duration":0.1273270000000366,"failureMessages":[],"meta":{}},{"ancestorTitles":["Chart Helper - calculateXAxisInterval","Large datasets (more than 40 years)"],"fullName":"Chart Helper - calculateXAxisInterval Large datasets (more than 40 years) should return 3 (show every 4th tick) for datasets with 60 data points","status":"passed","title":"should return 3 (show every 4th tick) for datasets with 60 data points","duration":0.12287800000001425,"failureMessages":[],"meta":{}},{"ancestorTitles":["Chart Helper - calculateXAxisInterval","Large datasets (more than 40 years)"],"fullName":"Chart Helper - calculateXAxisInterval Large datasets (more than 40 years) should return 3 (show every 4th tick) for datasets with 41 data points","status":"passed","title":"should return 3 (show every 4th tick) for datasets with 41 data points","duration":0.14049199999999473,"failureMessages":[],"meta":{}},{"ancestorTitles":["Chart Helper - calculateXAxisInterval","Large datasets (more than 40 years)"],"fullName":"Chart Helper - calculateXAxisInterval Large datasets (more than 40 years) should return 3 (show every 4th tick) for datasets with 100 data points","status":"passed","title":"should return 3 (show every 4th tick) for datasets with 100 data points","duration":0.2498359999999593,"failureMessages":[],"meta":{}},{"ancestorTitles":["Chart Helper - calculateXAxisInterval","Edge cases"],"fullName":"Chart Helper - calculateXAxisInterval Edge cases should handle 0 data points gracefully","status":"passed","title":"should handle 0 data points gracefully","duration":0.21500000000003183,"failureMessages":[],"meta":{}},{"ancestorTitles":["Chart Helper - calculateBarSize","Small datasets (20 years or less)"],"fullName":"Chart Helper - calculateBarSize Small datasets (20 years or less) should return larger bar size for datasets with 10 data points","status":"passed","title":"should return larger bar size for datasets with 10 data points","duration":0.16664000000002943,"failureMessages":[],"meta":{}},{"ancestorTitles":["Chart Helper - calculateBarSize","Small datasets (20 years or less)"],"fullName":"Chart Helper - calculateBarSize Small datasets (20 years or less) should return larger bar size for datasets with 20 data points","status":"passed","title":"should return larger bar size for datasets with 20 data points","duration":0.14772500000003674,"failureMessages":[],"meta":{}},{"ancestorTitles":["Chart Helper - calculateBarSize","Small datasets (20 years or less)"],"fullName":"Chart Helper - calculateBarSize Small datasets (20 years or less) should return larger bar size for datasets with 1 data point","status":"passed","title":"should return larger bar size for datasets with 1 data point","duration":0.13274799999999232,"failureMessages":[],"meta":{}},{"ancestorTitles":["Chart Helper - calculateBarSize","Medium datasets (21-40 years)"],"fullName":"Chart Helper - calculateBarSize Medium datasets (21-40 years) should return medium bar size for datasets with 30 data points","status":"passed","title":"should return medium bar size for datasets with 30 data points","duration":0.18665699999996832,"failureMessages":[],"meta":{}},{"ancestorTitles":["Chart Helper - calculateBarSize","Medium datasets (21-40 years)"],"fullName":"Chart Helper - calculateBarSize Medium datasets (21-40 years) should return medium bar size for datasets with 40 data points","status":"passed","title":"should return medium bar size for datasets with 40 data points","duration":0.17309199999999691,"failureMessages":[],"meta":{}},{"ancestorTitles":["Chart Helper - calculateBarSize","Medium datasets (21-40 years)"],"fullName":"Chart Helper - calculateBarSize Medium datasets (21-40 years) should return medium bar size for datasets with 21 data points","status":"passed","title":"should return medium bar size for datasets with 21 data points","duration":0.10727999999994609,"failureMessages":[],"meta":{}},{"ancestorTitles":["Chart Helper - calculateBarSize","Large datasets (more than 40 years)"],"fullName":"Chart Helper - calculateBarSize Large datasets (more than 40 years) should return smaller bar size for datasets with 50 data points","status":"passed","title":"should return smaller bar size for datasets with 50 data points","duration":0.10149899999998979,"failureMessages":[],"meta":{}},{"ancestorTitles":["Chart Helper - calculateBarSize","Large datasets (more than 40 years)"],"fullName":"Chart Helper - calculateBarSize Large datasets (more than 40 years) should return smaller bar size for datasets with 66 data points","status":"passed","title":"should return smaller bar size for datasets with 66 data points","duration":0.1377060000000938,"failureMessages":[],"meta":{}},{"ancestorTitles":["Chart Helper - calculateBarSize","Large datasets (more than 40 years)"],"fullName":"Chart Helper - calculateBarSize Large datasets (more than 40 years) should return smaller bar size for datasets with 100 data points","status":"passed","title":"should return smaller bar size for datasets with 100 data points","duration":0.08861500000000433,"failureMessages":[],"meta":{}},{"ancestorTitles":["Chart Helper - calculateBarSize","Edge cases"],"fullName":"Chart Helper - calculateBarSize Edge cases should handle 0 data points gracefully","status":"passed","title":"should handle 0 data points gracefully","duration":0.16382499999997435,"failureMessages":[],"meta":{}}],"startTime":1768083523185,"endTime":1768083523190.1638,"status":"passed","message":"","name":"/home/runner/work/fire-tools/fire-tools/src/utils/chartHelper.test.ts"},{"assertionResults":[{"ancestorTitles":["Cookie Encryption Utilities","encryptData"],"fullName":"Cookie Encryption Utilities encryptData should encrypt a string successfully","status":"passed","title":"should encrypt a string successfully","duration":7.012561000000005,"failureMessages":[],"meta":{}},{"ancestorTitles":["Cookie Encryption Utilities","encryptData"],"fullName":"Cookie Encryption Utilities encryptData should encrypt an object successfully","status":"passed","title":"should encrypt an object successfully","duration":2.0691739999999754,"failureMessages":[],"meta":{}},{"ancestorTitles":["Cookie Encryption Utilities","encryptData"],"fullName":"Cookie Encryption Utilities encryptData should produce different ciphertext for the same plaintext on consecutive calls","status":"passed","title":"should produce different ciphertext for the same plaintext on consecutive calls","duration":1.6241449999999986,"failureMessages":[],"meta":{}},{"ancestorTitles":["Cookie Encryption Utilities","encryptData"],"fullName":"Cookie Encryption Utilities encryptData should handle empty string","status":"passed","title":"should handle empty string","duration":2.1187660000000506,"failureMessages":[],"meta":{}},{"ancestorTitles":["Cookie Encryption Utilities","decryptData"],"fullName":"Cookie Encryption Utilities decryptData should decrypt encrypted data back to original","status":"passed","title":"should decrypt encrypted data back to original","duration":2.288763000000017,"failureMessages":[],"meta":{}},{"ancestorTitles":["Cookie Encryption Utilities","decryptData"],"fullName":"Cookie Encryption Utilities decryptData should decrypt encrypted object data back to original","status":"passed","title":"should decrypt encrypted object data back to original","duration":2.099470999999994,"failureMessages":[],"meta":{}},{"ancestorTitles":["Cookie Encryption Utilities","decryptData"],"fullName":"Cookie Encryption Utilities decryptData should return null for invalid encrypted data","status":"passed","title":"should return null for invalid encrypted data","duration":0.8191859999999451,"failureMessages":[],"meta":{}},{"ancestorTitles":["Cookie Encryption Utilities","decryptData"],"fullName":"Cookie Encryption Utilities decryptData should return null for empty string","status":"passed","title":"should return null for empty string","duration":0.17858300000000327,"failureMessages":[],"meta":{}},{"ancestorTitles":["Cookie Encryption Utilities","decryptData"],"fullName":"Cookie Encryption Utilities decryptData should handle complex nested objects","status":"passed","title":"should handle complex nested objects","duration":2.1157409999999572,"failureMessages":[],"meta":{}},{"ancestorTitles":["Cookie Encryption Utilities","Encryption roundtrip"],"fullName":"Cookie Encryption Utilities Encryption roundtrip should maintain data integrity through encryption and decryption","status":"passed","title":"should maintain data integrity through encryption and decryption","duration":7.376419000000055,"failureMessages":[],"meta":{}}],"startTime":1768083518057,"endTime":1768083518085.3765,"status":"passed","message":"","name":"/home/runner/work/fire-tools/fire-tools/src/utils/cookieEncryption.test.ts"},{"assertionResults":[{"ancestorTitles":["Cookie Settings utilities","saveSettings"],"fullName":"Cookie Settings utilities saveSettings should save settings to cookies","status":"passed","title":"should save settings to cookies","duration":14.981747000000041,"failureMessages":[],"meta":{}},{"ancestorTitles":["Cookie Settings utilities","saveSettings"],"fullName":"Cookie Settings utilities saveSettings should save decimal separator preference","status":"passed","title":"should save decimal separator preference","duration":7.470128000000045,"failureMessages":[],"meta":{}},{"ancestorTitles":["Cookie Settings utilities","saveSettings"],"fullName":"Cookie Settings utilities saveSettings should save currency settings","status":"passed","title":"should save currency settings","duration":2.4312580000000708,"failureMessages":[],"meta":{}},{"ancestorTitles":["Cookie Settings utilities","saveSettings"],"fullName":"Cookie Settings utilities saveSettings should save and load non-EUR default currency","status":"passed","title":"should save and load non-EUR default currency","duration":2.3131980000000567,"failureMessages":[],"meta":{}},{"ancestorTitles":["Cookie Settings utilities","saveSettings"],"fullName":"Cookie Settings utilities saveSettings should preserve default currency when changing other settings","status":"passed","title":"should preserve default currency when changing other settings","duration":4.369788999999855,"failureMessages":[],"meta":{}},{"ancestorTitles":["Cookie Settings utilities","saveSettings"],"fullName":"Cookie Settings utilities saveSettings should encrypt data in cookies","status":"passed","title":"should encrypt data in cookies","duration":1.4464140000000043,"failureMessages":[],"meta":{}},{"ancestorTitles":["Cookie Settings utilities","loadSettings"],"fullName":"Cookie Settings utilities loadSettings should return DEFAULT_SETTINGS when no settings saved","status":"passed","title":"should return DEFAULT_SETTINGS when no settings saved","duration":0.8191659999999956,"failureMessages":[],"meta":{}},{"ancestorTitles":["Cookie Settings utilities","loadSettings"],"fullName":"Cookie Settings utilities loadSettings should load saved settings","status":"passed","title":"should load saved settings","duration":2.220786999999973,"failureMessages":[],"meta":{}},{"ancestorTitles":["Cookie Settings utilities","loadSettings"],"fullName":"Cookie Settings utilities loadSettings should handle corrupted data gracefully","status":"passed","title":"should handle corrupted data gracefully","duration":4.083594999999832,"failureMessages":[],"meta":{}},{"ancestorTitles":["Cookie Settings utilities","loadSettings"],"fullName":"Cookie Settings utilities loadSettings should merge with defaults to ensure all fields exist","status":"passed","title":"should merge with defaults to ensure all fields exist","duration":8.312882999999829,"failureMessages":[],"meta":{}},{"ancestorTitles":["Cookie Settings utilities","clearSettings"],"fullName":"Cookie Settings utilities clearSettings should clear settings from cookies","status":"passed","title":"should clear settings from cookies","duration":1.3998679999999695,"failureMessages":[],"meta":{}},{"ancestorTitles":["Cookie Settings utilities","DEFAULT_SETTINGS"],"fullName":"Cookie Settings utilities DEFAULT_SETTINGS should have correct default values","status":"passed","title":"should have correct default values","duration":0.3508229999999912,"failureMessages":[],"meta":{}},{"ancestorTitles":["Cookie Settings utilities","DEFAULT_SETTINGS"],"fullName":"Cookie Settings utilities DEFAULT_SETTINGS should have all fallback rates defined","status":"passed","title":"should have all fallback rates defined","duration":0.40699799999993047,"failureMessages":[],"meta":{}},{"ancestorTitles":["Cookie Settings utilities","decimalPlaces setting"],"fullName":"Cookie Settings utilities decimalPlaces setting should save and load decimal places setting","status":"passed","title":"should save and load decimal places setting","duration":2.0581640000000334,"failureMessages":[],"meta":{}},{"ancestorTitles":["Cookie Settings utilities","decimalPlaces setting"],"fullName":"Cookie Settings utilities decimalPlaces setting should default to 2 decimal places when not set","status":"passed","title":"should default to 2 decimal places when not set","duration":0.22317599999996673,"failureMessages":[],"meta":{}}],"startTime":1768083517507,"endTime":1768083517565.2231,"status":"passed","message":"","name":"/home/runner/work/fire-tools/fire-tools/src/utils/cookieSettings.test.ts"},{"assertionResults":[{"ancestorTitles":["Cookie Storage utilities","Asset Allocation"],"fullName":"Cookie Storage utilities Asset Allocation should save and load asset allocation","status":"passed","title":"should save and load asset allocation","duration":27.05304799999999,"failureMessages":[],"meta":{}},{"ancestorTitles":["Cookie Storage utilities","Asset Allocation"],"fullName":"Cookie Storage utilities Asset Allocation should return null when no data is saved","status":"passed","title":"should return null when no data is saved","duration":0.4511809999999059,"failureMessages":[],"meta":{}},{"ancestorTitles":["Cookie Storage utilities","Asset Allocation"],"fullName":"Cookie Storage utilities Asset Allocation should clear asset allocation data","status":"passed","title":"should clear asset allocation data","duration":2.227087999999867,"failureMessages":[],"meta":{}},{"ancestorTitles":["Cookie Storage utilities","Asset Allocation"],"fullName":"Cookie Storage utilities Asset Allocation should handle corrupted data gracefully","status":"passed","title":"should handle corrupted data gracefully","duration":0.6773719999998775,"failureMessages":[],"meta":{}},{"ancestorTitles":["Cookie Storage utilities","Asset Allocation"],"fullName":"Cookie Storage utilities Asset Allocation should validate asset structure","status":"passed","title":"should validate asset structure","duration":0.7742419999999584,"failureMessages":[],"meta":{}},{"ancestorTitles":["Cookie Storage utilities","Asset Allocation"],"fullName":"Cookie Storage utilities Asset Allocation should encrypt data in cookies","status":"passed","title":"should encrypt data in cookies","duration":1.608506000000034,"failureMessages":[],"meta":{}},{"ancestorTitles":["Cookie Storage utilities","FIRE Calculator Inputs"],"fullName":"Cookie Storage utilities FIRE Calculator Inputs should save and load calculator inputs","status":"passed","title":"should save and load calculator inputs","duration":4.1753459999999905,"failureMessages":[],"meta":{}},{"ancestorTitles":["Cookie Storage utilities","FIRE Calculator Inputs"],"fullName":"Cookie Storage utilities FIRE Calculator Inputs should return null when no data is saved","status":"passed","title":"should return null when no data is saved","duration":0.2797409999998308,"failureMessages":[],"meta":{}},{"ancestorTitles":["Cookie Storage utilities","FIRE Calculator Inputs"],"fullName":"Cookie Storage utilities FIRE Calculator Inputs should clear calculator inputs","status":"passed","title":"should clear calculator inputs","duration":4.836888999999928,"failureMessages":[],"meta":{}},{"ancestorTitles":["Cookie Storage utilities","FIRE Calculator Inputs"],"fullName":"Cookie Storage utilities FIRE Calculator Inputs should handle corrupted data gracefully","status":"passed","title":"should handle corrupted data gracefully","duration":1.128842000000077,"failureMessages":[],"meta":{}},{"ancestorTitles":["Cookie Storage utilities","FIRE Calculator Inputs"],"fullName":"Cookie Storage utilities FIRE Calculator Inputs should validate inputs structure","status":"passed","title":"should validate inputs structure","duration":0.9198930000000018,"failureMessages":[],"meta":{}},{"ancestorTitles":["Cookie Storage utilities","FIRE Calculator Inputs"],"fullName":"Cookie Storage utilities FIRE Calculator Inputs should merge with defaults to ensure all fields exist","status":"passed","title":"should merge with defaults to ensure all fields exist","duration":2.616944000000103,"failureMessages":[],"meta":{}},{"ancestorTitles":["Cookie Storage utilities","FIRE Calculator Inputs"],"fullName":"Cookie Storage utilities FIRE Calculator Inputs should encrypt data in cookies","status":"passed","title":"should encrypt data in cookies","duration":3.712634999999864,"failureMessages":[],"meta":{}},{"ancestorTitles":["Cookie Storage utilities","clearAllData"],"fullName":"Cookie Storage utilities clearAllData should clear all data from cookies","status":"passed","title":"should clear all data from cookies","duration":3.146701000000121,"failureMessages":[],"meta":{}},{"ancestorTitles":["Cookie Storage utilities","isCookieStorageAvailable"],"fullName":"Cookie Storage utilities isCookieStorageAvailable should return true when cookies are available","status":"passed","title":"should return true when cookies are available","duration":0.4579519999999775,"failureMessages":[],"meta":{}},{"ancestorTitles":["Cookie Storage utilities","isCookieStorageAvailable"],"fullName":"Cookie Storage utilities isCookieStorageAvailable should return false when cookies are not available","status":"passed","title":"should return false when cookies are not available","duration":0.432215000000042,"failureMessages":[],"meta":{}},{"ancestorTitles":["Cookie Storage utilities","Expense Tracker Data"],"fullName":"Cookie Storage utilities Expense Tracker Data should save and load expense tracker data","status":"passed","title":"should save and load expense tracker data","duration":12.802920000000086,"failureMessages":[],"meta":{}},{"ancestorTitles":["Cookie Storage utilities","Expense Tracker Data"],"fullName":"Cookie Storage utilities Expense Tracker Data should persist expense tracker data across multiple save/load cycles","status":"passed","title":"should persist expense tracker data across multiple save/load cycles","duration":5.308725000000095,"failureMessages":[],"meta":{}},{"ancestorTitles":["Cookie Storage utilities","Expense Tracker Data"],"fullName":"Cookie Storage utilities Expense Tracker Data should return null when no expense tracker data is saved","status":"passed","title":"should return null when no expense tracker data is saved","duration":1.9816909999999552,"failureMessages":[],"meta":{}},{"ancestorTitles":["Cookie Storage utilities","Expense Tracker Data"],"fullName":"Cookie Storage utilities Expense Tracker Data should clear expense tracker data","status":"passed","title":"should clear expense tracker data","duration":2.008734000000004,"failureMessages":[],"meta":{}},{"ancestorTitles":["Cookie Storage utilities","Expense Tracker Data"],"fullName":"Cookie Storage utilities Expense Tracker Data should handle corrupted expense tracker data gracefully","status":"passed","title":"should handle corrupted expense tracker data gracefully","duration":8.99407199999996,"failureMessages":[],"meta":{}},{"ancestorTitles":["Cookie Storage utilities","Expense Tracker Data"],"fullName":"Cookie Storage utilities Expense Tracker Data should encrypt expense tracker data in cookies","status":"passed","title":"should encrypt expense tracker data in cookies","duration":1.5152219999999943,"failureMessages":[],"meta":{}},{"ancestorTitles":["Cookie Storage utilities","Expense Tracker Data"],"fullName":"Cookie Storage utilities Expense Tracker Data should simulate page refresh - data persists after save and reload","status":"passed","title":"should simulate page refresh - data persists after save and reload","duration":7.298504000000094,"failureMessages":[],"meta":{}},{"ancestorTitles":["Cookie Storage utilities","Expense Tracker Data"],"fullName":"Cookie Storage utilities Expense Tracker Data should preserve data when adding new month to existing year","status":"passed","title":"should preserve data when adding new month to existing year","duration":5.764777000000095,"failureMessages":[],"meta":{}}],"startTime":1768083516426,"endTime":1768083516527.765,"status":"passed","message":"","name":"/home/runner/work/fire-tools/fire-tools/src/utils/cookieStorage.test.ts"},{"assertionResults":[{"ancestorTitles":["CSV Export/Import","FIRE Calculator CSV"],"fullName":"CSV Export/Import FIRE Calculator CSV should export calculator inputs to CSV","status":"passed","title":"should export calculator inputs to CSV","duration":2.2608510000000024,"failureMessages":[],"meta":{}},{"ancestorTitles":["CSV Export/Import","FIRE Calculator CSV"],"fullName":"CSV Export/Import FIRE Calculator CSV should import calculator inputs from CSV","status":"passed","title":"should import calculator inputs from CSV","duration":1.183033000000023,"failureMessages":[],"meta":{}},{"ancestorTitles":["CSV Export/Import","FIRE Calculator CSV"],"fullName":"CSV Export/Import FIRE Calculator CSV should handle round-trip export/import","status":"passed","title":"should handle round-trip export/import","duration":1.1959070000000338,"failureMessages":[],"meta":{}},{"ancestorTitles":["CSV Export/Import","FIRE Calculator CSV"],"fullName":"CSV Export/Import FIRE Calculator CSV should throw error for invalid CSV with missing required fields","status":"passed","title":"should throw error for invalid CSV with missing required fields","duration":1.1729239999999663,"failureMessages":[],"meta":{}},{"ancestorTitles":["CSV Export/Import","Asset Allocation CSV"],"fullName":"CSV Export/Import Asset Allocation CSV should export asset allocation to CSV","status":"passed","title":"should export asset allocation to CSV","duration":0.7337370000000192,"failureMessages":[],"meta":{}},{"ancestorTitles":["CSV Export/Import","Asset Allocation CSV"],"fullName":"CSV Export/Import Asset Allocation CSV should handle asset names with commas","status":"passed","title":"should handle asset names with commas","duration":0.3181520000000546,"failureMessages":[],"meta":{}},{"ancestorTitles":["CSV Export/Import","Asset Allocation CSV"],"fullName":"CSV Export/Import Asset Allocation CSV should import asset allocation from CSV","status":"passed","title":"should import asset allocation from CSV","duration":1.7189019999999573,"failureMessages":[],"meta":{}},{"ancestorTitles":["CSV Export/Import","Asset Allocation CSV"],"fullName":"CSV Export/Import Asset Allocation CSV should handle round-trip export/import for asset allocation","status":"passed","title":"should handle round-trip export/import for asset allocation","duration":0.7289380000000847,"failureMessages":[],"meta":{}},{"ancestorTitles":["CSV Export/Import","Asset Allocation CSV"],"fullName":"CSV Export/Import Asset Allocation CSV should throw error for CSV with no assets","status":"passed","title":"should throw error for CSV with no assets","duration":0.4388369999999213,"failureMessages":[],"meta":{}},{"ancestorTitles":["CSV Export/Import","Net Worth Tracker JSON"],"fullName":"CSV Export/Import Net Worth Tracker JSON should export net worth tracker data to JSON","status":"passed","title":"should export net worth tracker data to JSON","duration":0.5855610000000979,"failureMessages":[],"meta":{}},{"ancestorTitles":["CSV Export/Import","Net Worth Tracker JSON"],"fullName":"CSV Export/Import Net Worth Tracker JSON should import net worth tracker data from JSON","status":"passed","title":"should import net worth tracker data from JSON","duration":0.5897989999999709,"failureMessages":[],"meta":{}},{"ancestorTitles":["CSV Export/Import","Net Worth Tracker JSON"],"fullName":"CSV Export/Import Net Worth Tracker JSON should handle round-trip export/import","status":"passed","title":"should handle round-trip export/import","duration":0.36809500000003936,"failureMessages":[],"meta":{}},{"ancestorTitles":["CSV Export/Import","Net Worth Tracker JSON"],"fullName":"CSV Export/Import Net Worth Tracker JSON should import raw data without wrapper","status":"passed","title":"should import raw data without wrapper","duration":0.4162349999999151,"failureMessages":[],"meta":{}}],"startTime":1768083521093,"endTime":1768083521105.4163,"status":"passed","message":"","name":"/home/runner/work/fire-tools/fire-tools/src/utils/csvExport.test.ts"},{"assertionResults":[{"ancestorTitles":["Currency Converter","convertToEUR"],"fullName":"Currency Converter convertToEUR should return same amount for EUR","status":"passed","title":"should return same amount for EUR","duration":2.368955000000028,"failureMessages":[],"meta":{}},{"ancestorTitles":["Currency Converter","convertToEUR"],"fullName":"Currency Converter convertToEUR should convert USD to EUR using default rate","status":"passed","title":"should convert USD to EUR using default rate","duration":0.22454800000002706,"failureMessages":[],"meta":{}},{"ancestorTitles":["Currency Converter","convertToEUR"],"fullName":"Currency Converter convertToEUR should convert GBP to EUR using default rate","status":"passed","title":"should convert GBP to EUR using default rate","duration":0.477188999999953,"failureMessages":[],"meta":{}},{"ancestorTitles":["Currency Converter","convertToEUR"],"fullName":"Currency Converter convertToEUR should convert CHF to EUR using default rate","status":"passed","title":"should convert CHF to EUR using default rate","duration":0.4167860000000019,"failureMessages":[],"meta":{}},{"ancestorTitles":["Currency Converter","convertToEUR"],"fullName":"Currency Converter convertToEUR should convert JPY to EUR using default rate","status":"passed","title":"should convert JPY to EUR using default rate","duration":6.36080800000002,"failureMessages":[],"meta":{}},{"ancestorTitles":["Currency Converter","convertToEUR"],"fullName":"Currency Converter convertToEUR should convert AUD to EUR using default rate","status":"passed","title":"should convert AUD to EUR using default rate","duration":0.2147100000000819,"failureMessages":[],"meta":{}},{"ancestorTitles":["Currency Converter","convertToEUR"],"fullName":"Currency Converter convertToEUR should convert CAD to EUR using default rate","status":"passed","title":"should convert CAD to EUR using default rate","duration":0.3111790000000383,"failureMessages":[],"meta":{}},{"ancestorTitles":["Currency Converter","convertToEUR"],"fullName":"Currency Converter convertToEUR should use custom rates when provided","status":"passed","title":"should use custom rates when provided","duration":0.2381629999999859,"failureMessages":[],"meta":{}},{"ancestorTitles":["Currency Converter","convertToEUR"],"fullName":"Currency Converter convertToEUR should handle zero amounts","status":"passed","title":"should handle zero amounts","duration":0.5174640000000181,"failureMessages":[],"meta":{}},{"ancestorTitles":["Currency Converter","convertToEUR"],"fullName":"Currency Converter convertToEUR should handle negative amounts","status":"passed","title":"should handle negative amounts","duration":0.31440599999996266,"failureMessages":[],"meta":{}},{"ancestorTitles":["Currency Converter","convertFromEUR"],"fullName":"Currency Converter convertFromEUR should return same amount for EUR","status":"passed","title":"should return same amount for EUR","duration":0.31039799999996376,"failureMessages":[],"meta":{}},{"ancestorTitles":["Currency Converter","convertFromEUR"],"fullName":"Currency Converter convertFromEUR should convert EUR to USD using default rate","status":"passed","title":"should convert EUR to USD using default rate","duration":10.166786000000002,"failureMessages":[],"meta":{}},{"ancestorTitles":["Currency Converter","convertFromEUR"],"fullName":"Currency Converter convertFromEUR should convert EUR to GBP using default rate","status":"passed","title":"should convert EUR to GBP using default rate","duration":0.2455969999999752,"failureMessages":[],"meta":{}},{"ancestorTitles":["Currency Converter","convertFromEUR"],"fullName":"Currency Converter convertFromEUR should handle zero amounts","status":"passed","title":"should handle zero amounts","duration":0.35822699999994256,"failureMessages":[],"meta":{}},{"ancestorTitles":["Currency Converter","getCurrencySymbol"],"fullName":"Currency Converter getCurrencySymbol should return € for EUR","status":"passed","title":"should return € for EUR","duration":0.33726799999999457,"failureMessages":[],"meta":{}},{"ancestorTitles":["Currency Converter","getCurrencySymbol"],"fullName":"Currency Converter getCurrencySymbol should return $ for USD","status":"passed","title":"should return $ for USD","duration":0.16670999999996639,"failureMessages":[],"meta":{}},{"ancestorTitles":["Currency Converter","getCurrencySymbol"],"fullName":"Currency Converter getCurrencySymbol should return £ for GBP","status":"passed","title":"should return £ for GBP","duration":0.17556700000000092,"failureMessages":[],"meta":{}},{"ancestorTitles":["Currency Converter","getCurrencySymbol"],"fullName":"Currency Converter getCurrencySymbol should return CHF for CHF","status":"passed","title":"should return CHF for CHF","duration":0.15617099999997208,"failureMessages":[],"meta":{}},{"ancestorTitles":["Currency Converter","getCurrencySymbol"],"fullName":"Currency Converter getCurrencySymbol should return ¥ for JPY","status":"passed","title":"should return ¥ for JPY","duration":0.15327500000000782,"failureMessages":[],"meta":{}},{"ancestorTitles":["Currency Converter","getCurrencySymbol"],"fullName":"Currency Converter getCurrencySymbol should return A$ for AUD","status":"passed","title":"should return A$ for AUD","duration":1.789229999999975,"failureMessages":[],"meta":{}},{"ancestorTitles":["Currency Converter","getCurrencySymbol"],"fullName":"Currency Converter getCurrencySymbol should return C$ for CAD","status":"passed","title":"should return C$ for CAD","duration":0.14553099999989172,"failureMessages":[],"meta":{}},{"ancestorTitles":["Currency Converter","formatCurrencyValue"],"fullName":"Currency Converter formatCurrencyValue should format EUR with euro symbol","status":"passed","title":"should format EUR with euro symbol","duration":21.428514000000064,"failureMessages":[],"meta":{}},{"ancestorTitles":["Currency Converter","formatCurrencyValue"],"fullName":"Currency Converter formatCurrencyValue should format USD with dollar symbol","status":"passed","title":"should format USD with dollar symbol","duration":0.30678100000000086,"failureMessages":[],"meta":{}},{"ancestorTitles":["Currency Converter","formatCurrencyValue"],"fullName":"Currency Converter formatCurrencyValue should format with comma decimal separator when specified","status":"passed","title":"should format with comma decimal separator when specified","duration":0.3641580000000886,"failureMessages":[],"meta":{}},{"ancestorTitles":["Currency Converter","formatCurrencyValue"],"fullName":"Currency Converter formatCurrencyValue should format with point decimal separator when specified","status":"passed","title":"should format with point decimal separator when specified","duration":0.24569700000006378,"failureMessages":[],"meta":{}},{"ancestorTitles":["Currency Converter","formatCurrencyValue"],"fullName":"Currency Converter formatCurrencyValue should handle zero values","status":"passed","title":"should handle zero values","duration":0.2169339999998101,"failureMessages":[],"meta":{}},{"ancestorTitles":["Currency Converter","formatCurrencyValue"],"fullName":"Currency Converter formatCurrencyValue should handle negative values","status":"passed","title":"should handle negative values","duration":0.21154299999989234,"failureMessages":[],"meta":{}},{"ancestorTitles":["Currency Converter","formatCurrencyValue"],"fullName":"Currency Converter formatCurrencyValue should format large numbers correctly","status":"passed","title":"should format large numbers correctly","duration":0.2161919999998645,"failureMessages":[],"meta":{}},{"ancestorTitles":["Currency Converter","formatCurrencyValue"],"fullName":"Currency Converter formatCurrencyValue should round to 2 decimal places","status":"passed","title":"should round to 2 decimal places","duration":0.21802600000000893,"failureMessages":[],"meta":{}},{"ancestorTitles":["Currency Converter","isValidCurrency"],"fullName":"Currency Converter isValidCurrency should return true for valid currencies","status":"passed","title":"should return true for valid currencies","duration":0.46387400000003254,"failureMessages":[],"meta":{}},{"ancestorTitles":["Currency Converter","isValidCurrency"],"fullName":"Currency Converter isValidCurrency should return false for invalid currencies","status":"passed","title":"should return false for invalid currencies","duration":0.20011300000010124,"failureMessages":[],"meta":{}},{"ancestorTitles":["Currency Converter","convertAmount"],"fullName":"Currency Converter convertAmount should convert USD to EUR","status":"passed","title":"should convert USD to EUR","duration":0.24230099999999766,"failureMessages":[],"meta":{}},{"ancestorTitles":["Currency Converter","convertAmount"],"fullName":"Currency Converter convertAmount should convert EUR to USD","status":"passed","title":"should convert EUR to USD","duration":0.15292399999998452,"failureMessages":[],"meta":{}},{"ancestorTitles":["Currency Converter","convertAmount"],"fullName":"Currency Converter convertAmount should convert between two non-EUR currencies","status":"passed","title":"should convert between two non-EUR currencies","duration":0.16286300000001575,"failureMessages":[],"meta":{}},{"ancestorTitles":["Currency Converter","convertAmount"],"fullName":"Currency Converter convertAmount should return same amount for same currency","status":"passed","title":"should return same amount for same currency","duration":0.14774499999998625,"failureMessages":[],"meta":{}},{"ancestorTitles":["Currency Converter","recalculateFallbackRates"],"fullName":"Currency Converter recalculateFallbackRates should recalculate rates when default currency changes from EUR to USD","status":"passed","title":"should recalculate rates when default currency changes from EUR to USD","duration":0.39942400000018097,"failureMessages":[],"meta":{}},{"ancestorTitles":["Currency Converter","recalculateFallbackRates"],"fullName":"Currency Converter recalculateFallbackRates should recalculate rates when default currency changes from USD to EUR","status":"passed","title":"should recalculate rates when default currency changes from USD to EUR","duration":0.28806699999995544,"failureMessages":[],"meta":{}},{"ancestorTitles":["Currency Converter","recalculateFallbackRates"],"fullName":"Currency Converter recalculateFallbackRates should return same rates when currency does not change","status":"passed","title":"should return same rates when currency does not change","duration":0.8765630000000328,"failureMessages":[],"meta":{}},{"ancestorTitles":["Currency Converter","convertAssetsToNewCurrency"],"fullName":"Currency Converter convertAssetsToNewCurrency should convert asset values from EUR to USD","status":"passed","title":"should convert asset values from EUR to USD","duration":0.5262709999999515,"failureMessages":[],"meta":{}},{"ancestorTitles":["Currency Converter","convertAssetsToNewCurrency"],"fullName":"Currency Converter convertAssetsToNewCurrency should convert asset values from USD to EUR","status":"passed","title":"should convert asset values from USD to EUR","duration":0.17077800000015486,"failureMessages":[],"meta":{}},{"ancestorTitles":["Currency Converter","convertAssetsToNewCurrency"],"fullName":"Currency Converter convertAssetsToNewCurrency should handle conversion between non-EUR currencies","status":"passed","title":"should handle conversion between non-EUR currencies","duration":0.1552599999999984,"failureMessages":[],"meta":{}},{"ancestorTitles":["Currency Converter","convertAssetsToNewCurrency"],"fullName":"Currency Converter convertAssetsToNewCurrency should return same values when currency does not change","status":"passed","title":"should return same values when currency does not change","duration":0.1453400000000329,"failureMessages":[],"meta":{}},{"ancestorTitles":["Currency Converter","convertAssetsToNewCurrency"],"fullName":"Currency Converter convertAssetsToNewCurrency should convert multiple assets","status":"passed","title":"should convert multiple assets","duration":0.24597800000015013,"failureMessages":[],"meta":{}},{"ancestorTitles":["Currency Converter","convertAssetsToNewCurrency"],"fullName":"Currency Converter convertAssetsToNewCurrency should preserve other asset properties","status":"passed","title":"should preserve other asset properties","duration":0.43666400000006433,"failureMessages":[],"meta":{}},{"ancestorTitles":["Currency Converter","convertAssetsToNewCurrency"],"fullName":"Currency Converter convertAssetsToNewCurrency should handle empty asset array","status":"passed","title":"should handle empty asset array","duration":0.1682029999999486,"failureMessages":[],"meta":{}},{"ancestorTitles":["Currency Converter","convertAssetsToNewCurrency"],"fullName":"Currency Converter convertAssetsToNewCurrency should handle assets with undefined originalCurrency (assume it matches fromCurrency)","status":"passed","title":"should handle assets with undefined originalCurrency (assume it matches fromCurrency)","duration":0.166238999999905,"failureMessages":[],"meta":{}},{"ancestorTitles":["Currency Converter","convertNetWorthDataToNewCurrency"],"fullName":"Currency Converter convertNetWorthDataToNewCurrency should return same data when currencies are identical","status":"passed","title":"should return same data when currencies are identical","duration":0.4388370000001487,"failureMessages":[],"meta":{}},{"ancestorTitles":["Currency Converter","convertNetWorthDataToNewCurrency"],"fullName":"Currency Converter convertNetWorthDataToNewCurrency should convert all values from EUR to USD","status":"passed","title":"should convert all values from EUR to USD","duration":0.6979899999998906,"failureMessages":[],"meta":{}},{"ancestorTitles":["Currency Converter","convertNetWorthDataToNewCurrency"],"fullName":"Currency Converter convertNetWorthDataToNewCurrency should convert from USD back to EUR with acceptable rounding error","status":"passed","title":"should convert from USD back to EUR with acceptable rounding error","duration":0.37904600000001665,"failureMessages":[],"meta":{}},{"ancestorTitles":["Currency Converter","convertExpenseDataToNewCurrency"],"fullName":"Currency Converter convertExpenseDataToNewCurrency should return same data when currencies are identical","status":"passed","title":"should return same data when currencies are identical","duration":0.40682700000002114,"failureMessages":[],"meta":{}},{"ancestorTitles":["Currency Converter","convertExpenseDataToNewCurrency"],"fullName":"Currency Converter convertExpenseDataToNewCurrency should convert all values from EUR to USD","status":"passed","title":"should convert all values from EUR to USD","duration":0.6645269999999073,"failureMessages":[],"meta":{}},{"ancestorTitles":["Currency Converter","convertExpenseDataToNewCurrency"],"fullName":"Currency Converter convertExpenseDataToNewCurrency should convert from USD back to EUR with acceptable rounding error","status":"passed","title":"should convert from USD back to EUR with acceptable rounding error","duration":0.32893300000000636,"failureMessages":[],"meta":{}},{"ancestorTitles":["Currency Converter","Full conversion workflow: EUR → USD → EUR roundtrip"],"fullName":"Currency Converter Full conversion workflow: EUR → USD → EUR roundtrip should maintain data integrity through currency conversions","status":"passed","title":"should maintain data integrity through currency conversions","duration":0.19013399999994363,"failureMessages":[],"meta":{}},{"ancestorTitles":["Currency Converter","Full conversion workflow: EUR → USD → EUR roundtrip"],"fullName":"Currency Converter Full conversion workflow: EUR → USD → EUR roundtrip should handle multiple currency changes accurately","status":"passed","title":"should handle multiple currency changes accurately","duration":0.1656479999999192,"failureMessages":[],"meta":{}},{"ancestorTitles":["Currency Converter","convertFireCalculatorInputsToNewCurrency"],"fullName":"Currency Converter convertFireCalculatorInputsToNewCurrency should return same inputs when currencies are identical","status":"passed","title":"should return same inputs when currencies are identical","duration":0.32956400000011854,"failureMessages":[],"meta":{}},{"ancestorTitles":["Currency Converter","convertFireCalculatorInputsToNewCurrency"],"fullName":"Currency Converter convertFireCalculatorInputsToNewCurrency should convert all monetary values from EUR to USD","status":"passed","title":"should convert all monetary values from EUR to USD","duration":0.5383020000001579,"failureMessages":[],"meta":{}},{"ancestorTitles":["Currency Converter","convertFireCalculatorInputsToNewCurrency"],"fullName":"Currency Converter convertFireCalculatorInputsToNewCurrency should convert all monetary values from EUR to JPY","status":"passed","title":"should convert all monetary values from EUR to JPY","duration":0.25688900000000103,"failureMessages":[],"meta":{}},{"ancestorTitles":["Currency Converter","convertFireCalculatorInputsToNewCurrency"],"fullName":"Currency Converter convertFireCalculatorInputsToNewCurrency should not modify non-monetary fields","status":"passed","title":"should not modify non-monetary fields","duration":0.28134399999999005,"failureMessages":[],"meta":{}},{"ancestorTitles":["Currency Converter","convertFireCalculatorInputsToNewCurrency"],"fullName":"Currency Converter convertFireCalculatorInputsToNewCurrency should convert from USD back to EUR with acceptable rounding error","status":"passed","title":"should convert from USD back to EUR with acceptable rounding error","duration":0.3837149999999383,"failureMessages":[],"meta":{}},{"ancestorTitles":["Currency Converter","convertMonthlyVariationsToDisplayCurrency"],"fullName":"Currency Converter convertMonthlyVariationsToDisplayCurrency should return same values when converting to the same currency","status":"passed","title":"should return same values when converting to the same currency","duration":0.3406639999998333,"failureMessages":[],"meta":{}},{"ancestorTitles":["Currency Converter","convertMonthlyVariationsToDisplayCurrency"],"fullName":"Currency Converter convertMonthlyVariationsToDisplayCurrency should convert net worth values from EUR to USD","status":"passed","title":"should convert net worth values from EUR to USD","duration":0.3222800000000916,"failureMessages":[],"meta":{}},{"ancestorTitles":["Currency Converter","convertMonthlyVariationsToDisplayCurrency"],"fullName":"Currency Converter convertMonthlyVariationsToDisplayCurrency should preserve percentage values without conversion","status":"passed","title":"should preserve percentage values without conversion","duration":0.1824699999999666,"failureMessages":[],"meta":{}},{"ancestorTitles":["Currency Converter","convertMonthlyVariationsToDisplayCurrency"],"fullName":"Currency Converter convertMonthlyVariationsToDisplayCurrency should convert all monetary fields","status":"passed","title":"should convert all monetary fields","duration":0.23207300000012765,"failureMessages":[],"meta":{}},{"ancestorTitles":["Currency Converter","convertMonthlyVariationsToDisplayCurrency"],"fullName":"Currency Converter convertMonthlyVariationsToDisplayCurrency should handle empty variations array","status":"passed","title":"should handle empty variations array","duration":0.16416499999991174,"failureMessages":[],"meta":{}},{"ancestorTitles":["Currency Converter","convertMonthlyVariationsToDisplayCurrency"],"fullName":"Currency Converter convertMonthlyVariationsToDisplayCurrency should preserve month labels","status":"passed","title":"should preserve month labels","duration":0.18540499999994609,"failureMessages":[],"meta":{}},{"ancestorTitles":["Currency Converter","convertNetWorthForecastToDisplayCurrency"],"fullName":"Currency Converter convertNetWorthForecastToDisplayCurrency should return same values when converting to the same currency","status":"passed","title":"should return same values when converting to the same currency","duration":0.2559470000001056,"failureMessages":[],"meta":{}},{"ancestorTitles":["Currency Converter","convertNetWorthForecastToDisplayCurrency"],"fullName":"Currency Converter convertNetWorthForecastToDisplayCurrency should convert projected net worth values from EUR to USD","status":"passed","title":"should convert projected net worth values from EUR to USD","duration":0.27035399999999754,"failureMessages":[],"meta":{}},{"ancestorTitles":["Currency Converter","convertNetWorthForecastToDisplayCurrency"],"fullName":"Currency Converter convertNetWorthForecastToDisplayCurrency should preserve non-monetary fields","status":"passed","title":"should preserve non-monetary fields","duration":0.20623399999999492,"failureMessages":[],"meta":{}},{"ancestorTitles":["Currency Converter","convertNetWorthForecastToDisplayCurrency"],"fullName":"Currency Converter convertNetWorthForecastToDisplayCurrency should handle empty forecast array","status":"passed","title":"should handle empty forecast array","duration":0.15965700000015204,"failureMessages":[],"meta":{}}],"startTime":1768083518564,"endTime":1768083518627.2063,"status":"passed","message":"","name":"/home/runner/work/fire-tools/fire-tools/src/utils/currencyConverter.test.ts"},{"assertionResults":[{"ancestorTitles":["Data Export/Import All","exportAllDataAsJSON"],"fullName":"Data Export/Import All exportAllDataAsJSON should export all data with correct structure","status":"passed","title":"should export all data with correct structure","duration":2.096595000000093,"failureMessages":[],"meta":{}},{"ancestorTitles":["Data Export/Import All","exportAllDataAsJSON"],"fullName":"Data Export/Import All exportAllDataAsJSON should include fire calculator data","status":"passed","title":"should include fire calculator data","duration":0.7820660000000998,"failureMessages":[],"meta":{}},{"ancestorTitles":["Data Export/Import All","exportAllDataAsJSON"],"fullName":"Data Export/Import All exportAllDataAsJSON should include asset allocation data","status":"passed","title":"should include asset allocation data","duration":0.4199519999999666,"failureMessages":[],"meta":{}},{"ancestorTitles":["Data Export/Import All","exportAllDataAsJSON"],"fullName":"Data Export/Import All exportAllDataAsJSON should include expense tracker data","status":"passed","title":"should include expense tracker data","duration":0.26365099999998165,"failureMessages":[],"meta":{}},{"ancestorTitles":["Data Export/Import All","exportAllDataAsJSON"],"fullName":"Data Export/Import All exportAllDataAsJSON should include net worth tracker data","status":"passed","title":"should include net worth tracker data","duration":0.26467300000001615,"failureMessages":[],"meta":{}},{"ancestorTitles":["Data Export/Import All","exportAllDataAsJSON"],"fullName":"Data Export/Import All exportAllDataAsJSON should handle null/undefined data gracefully","status":"passed","title":"should handle null/undefined data gracefully","duration":0.349570999999969,"failureMessages":[],"meta":{}},{"ancestorTitles":["Data Export/Import All","importAllDataFromJSON"],"fullName":"Data Export/Import All importAllDataFromJSON should import all data from JSON string","status":"passed","title":"should import all data from JSON string","duration":1.4772110000000112,"failureMessages":[],"meta":{}},{"ancestorTitles":["Data Export/Import All","importAllDataFromJSON"],"fullName":"Data Export/Import All importAllDataFromJSON should convert data to target currency","status":"passed","title":"should convert data to target currency","duration":1.29056300000002,"failureMessages":[],"meta":{}},{"ancestorTitles":["Data Export/Import All","importAllDataFromJSON"],"fullName":"Data Export/Import All importAllDataFromJSON should throw error for invalid JSON","status":"passed","title":"should throw error for invalid JSON","duration":1.350614999999948,"failureMessages":[],"meta":{}},{"ancestorTitles":["Data Export/Import All","importAllDataFromJSON"],"fullName":"Data Export/Import All importAllDataFromJSON should throw error for invalid export format","status":"passed","title":"should throw error for invalid export format","duration":0.5498539999999821,"failureMessages":[],"meta":{}},{"ancestorTitles":["Data Export/Import All","importAllDataFromJSON"],"fullName":"Data Export/Import All importAllDataFromJSON should handle missing optional data","status":"passed","title":"should handle missing optional data","duration":0.48886099999992894,"failureMessages":[],"meta":{}},{"ancestorTitles":["Data Export/Import All","round-trip export/import"],"fullName":"Data Export/Import All round-trip export/import should preserve all data through export and import","status":"passed","title":"should preserve all data through export and import","duration":0.9804060000000163,"failureMessages":[],"meta":{}}],"startTime":1768083522330,"endTime":1768083522340.9805,"status":"passed","message":"","name":"/home/runner/work/fire-tools/fire-tools/src/utils/dataExportImport.test.ts"},{"assertionResults":[{"ancestorTitles":["Data Sync Utilities","syncAssetAllocationToNetWorth"],"fullName":"Data Sync Utilities syncAssetAllocationToNetWorth should sync assets from asset allocation to net worth current month","status":"passed","title":"should sync assets from asset allocation to net worth current month","duration":3.6112170000000106,"failureMessages":[],"meta":{}},{"ancestorTitles":["Data Sync Utilities","syncAssetAllocationToNetWorth"],"fullName":"Data Sync Utilities syncAssetAllocationToNetWorth should sync cash entries from asset allocation to net worth","status":"passed","title":"should sync cash entries from asset allocation to net worth","duration":1.045788000000016,"failureMessages":[],"meta":{}},{"ancestorTitles":["Data Sync Utilities","syncNetWorthToAssetAllocation"],"fullName":"Data Sync Utilities syncNetWorthToAssetAllocation should sync from net worth to asset allocation","status":"passed","title":"should sync from net worth to asset allocation","duration":1.865073999999936,"failureMessages":[],"meta":{}},{"ancestorTitles":["Data Sync Utilities","syncNetWorthToAssetAllocation"],"fullName":"Data Sync Utilities syncNetWorthToAssetAllocation should sync shares and pricePerShare from net worth to asset allocation","status":"passed","title":"should sync shares and pricePerShare from net worth to asset allocation","duration":0.555313999999953,"failureMessages":[],"meta":{}},{"ancestorTitles":["Data Sync Utilities","syncAssetAllocationToNetWorth with shares"],"fullName":"Data Sync Utilities syncAssetAllocationToNetWorth with shares should sync shares and pricePerShare from asset allocation to net worth","status":"passed","title":"should sync shares and pricePerShare from asset allocation to net worth","duration":0.6270570000000362,"failureMessages":[],"meta":{}},{"ancestorTitles":["Data Sync Utilities","syncAssetAllocationToNetWorth with shares"],"fullName":"Data Sync Utilities syncAssetAllocationToNetWorth with shares should calculate pricePerShare when only currentValue is provided","status":"passed","title":"should calculate pricePerShare when only currentValue is provided","duration":0.560414000000037,"failureMessages":[],"meta":{}},{"ancestorTitles":["Data 
[...]
get","status":"passed","title":"should handle net worth exceeding FIRE target","duration":0.1476949999999988,"failureMessages":[],"meta":{}},{"ancestorTitles":["Chart Currency Formatting"],"fullName":"Chart Currency Formatting should format positive values with k suffix","status":"passed","title":"should format positive values with k suffix","duration":0.2634400000000596,"failureMessages":[],"meta":{}},{"ancestorTitles":["Chart Currency Formatting"],"fullName":"Chart Currency Formatting should format positive values with M suffix","status":"passed","title":"should format positive values with M suffix","duration":0.24040800000000218,"failureMessages":[],"meta":{}},{"ancestorTitles":["Chart Currency Formatting"],"fullName":"Chart Currency Formatting should format negative values with k suffix","status":"passed","title":"should format negative values with k suffix","duration":0.17281200000002173,"failureMessages":[],"meta":{}},{"ancestorTitles":["Chart Currency Formatting"],"fullName":"Chart Currency Formatting should format negative values with M suffix","status":"passed","title":"should format negative values with M suffix","duration":0.1685340000000224,"failureMessages":[],"meta":{}},{"ancestorTitles":["Chart Currency Formatting"],"fullName":"Chart Currency Formatting should handle small values without suffix","status":"passed","title":"should handle small values without suffix","duration":0.16729099999997743,"failureMessages":[],"meta":{}},{"ancestorTitles":["Chart Currency Formatting"],"fullName":"Chart Currency Formatting should handle zero","status":"passed","title":"should handle zero","duration":0.13105400000006284,"failureMessages":[],"meta":{}}],"startTime":1768083520801,"endTime":1768083520814.1729,"status":"passed","message":"","name":"/home/runner/work/fire-tools/fire-tools/src/utils/netWorthCalculator.test.ts"},{"assertionResults":[{"ancestorTitles":["formatDisplayNumber","basic formatting with default settings (2 decimal places, period separator)"],"fullName":"formatDisplayNumber basic formatting with default settings (2 decimal places, period separator) formats small numbers with decimal places","status":"passed","title":"formats small numbers with decimal places","duration":2.584974999999986,"failureMessages":[],"meta":{}},{"ancestorTitles":["formatDisplayNumber","basic formatting with default settings (2 decimal places, period separator)"],"fullName":"formatDisplayNumber basic formatting with default settings (2 decimal places, period separator) formats numbers below 1000 with decimals","status":"passed","title":"formats numbers below 1000 with decimals","duration":0.37240399999996043,"failureMessages":[],"meta":{}},{"ancestorTitles":["formatDisplayNumber","basic formatting with default settings (2 decimal places, period separator)"],"fullName":"formatDisplayNumber basic formatting with default settings (2 decimal places, period separator) formats numbers at exactly 1000 without decimals","status":"passed","title":"formats numbers at exactly 1000 without decimals","duration":0.3958979999999883,"failureMessages":[],"meta":{}},{"ancestorTitles":["formatDisplayNumber","basic formatting with default settings (2 decimal places, period separator)"],"fullName":"formatDisplayNumber basic formatting with default settings (2 decimal places, period separator) formats numbers above 1000 without decimals","status":"passed","title":"formats numbers above 1000 without decimals","duration":0.3160289999999577,"failureMessages":[],"meta":{}},{"ancestorTitles":["formatDisplayNumber","basic formatting with default settings (2 decimal places, period separator)"],"fullName":"formatDisplayNumber basic formatting with default settings (2 decimal places, period separator) formats large numbers without decimals","status":"passed","title":"formats large numbers without decimals","duration":0.48477300000001833,"failureMessages":[],"meta":{}},{"ancestorTitles":["formatDisplayNumber","basic formatting with default settings (2 decimal places, period separator)"],"fullName":"formatDisplayNumber basic formatting with default settings (2 decimal places, period separator) handles zero","status":"passed","title":"handles zero","duration":0.3146150000000034,"failureMessages":[],"meta":{}},{"ancestorTitles":["formatDisplayNumber","basic formatting with default settings (2 decimal places, period separator)"],"fullName":"formatDisplayNumber basic formatting with default settings (2 decimal places, period separator) handles small decimals","status":"passed","title":"handles small decimals","duration":0.3523370000000341,"failureMessages":[],"meta":{}},{"ancestorTitles":["formatDisplayNumber","rounding rules (.5 rounds up, .4 rounds down)"],"fullName":"formatDisplayNumber rounding rules (.5 rounds up, .4 rounds down) rounds .5 up at third decimal","status":"passed","title":"rounds .5 up at third decimal","duration":0.2675289999999677,"failureMessages":[],"meta":{}},{"ancestorTitles":["formatDisplayNumber","rounding rules (.5 rounds up, .4 rounds down)"],"fullName":"formatDisplayNumber rounding rules (.5 rounds up, .4 rounds down) rounds .4 down at third decimal","status":"passed","title":"rounds .4 down at third decimal","duration":0.466007999999988,"failureMessages":[],"meta":{}},{"ancestorTitles":["formatDisplayNumber","rounding rules (.5 rounds up, .4 rounds down)"],"fullName":"formatDisplayNumber rounding rules (.5 rounds up, .4 rounds down) rounds .5 up for larger numbers","status":"passed","title":"rounds .5 up for larger numbers","duration":0.4147729999999683,"failureMessages":[],"meta":{}},{"ancestorTitles":["formatDisplayNumber","rounding rules (.5 rounds up, .4 rounds down)"],"fullName":"formatDisplayNumber rounding rules (.5 rounds up, .4 rounds down) rounds .4 down for larger numbers","status":"passed","title":"rounds .4 down for larger numbers","duration":0.24922400000002654,"failureMessages":[],"meta":{}},{"ancestorTitles":["formatDisplayNumber","rounding rules (.5 rounds up, .4 rounds down)"],"fullName":"formatDisplayNumber rounding rules (.5 rounds up, .4 rounds down) rounds correctly for numbers just below 1000","status":"passed","title":"rounds correctly for numbers just below 1000","duration":0.23358500000006188,"failureMessages":[],"meta":{}},{"ancestorTitles":["formatDisplayNumber","with comma decimal separator"],"fullName":"formatDisplayNumber with comma decimal separator uses comma as decimal separator","status":"passed","title":"uses comma as decimal separator","duration":0.39295099999992544,"failureMessages":[],"meta":{}},{"ancestorTitles":["formatDisplayNumber","with comma decimal separator"],"fullName":"formatDisplayNumber with comma decimal separator uses period as thousands separator when comma is decimal","status":"passed","title":"uses period as thousands separator when comma is decimal","duration":0.5100200000000541,"failureMessages":[],"meta":{}},{"ancestorTitles":["formatDisplayNumber","with comma decimal separator"],"fullName":"formatDisplayNumber with comma decimal separator formats large numbers correctly","status":"passed","title":"formats large numbers correctly","duration":0.2507069999999203,"failureMessages":[],"meta":{}},{"ancestorTitles":["formatDisplayNumber","with different decimal places setting"],"fullName":"formatDisplayNumber with different decimal places setting respects 0 decimal places setting","status":"passed","title":"respects 0 decimal places setting","duration":0.24434599999995044,"failureMessages":[],"meta":{}},{"ancestorTitles":["formatDisplayNumber","with different decimal places setting"],"fullName":"formatDisplayNumber with different decimal places setting respects 3 decimal places setting","status":"passed","title":"respects 3 decimal places setting","duration":0.2216729999998961,"failureMessages":[],"meta":{}},{"ancestorTitles":["formatDisplayNumber","with different decimal places setting"],"fullName":"formatDisplayNumber with different decimal places setting still removes decimals for numbers >= 1000 regardless of setting","status":"passed","title":"still removes decimals for numbers >= 1000 regardless of setting","duration":0.2048419999999851,"failureMessages":[],"meta":{}},{"ancestorTitles":["formatDisplayNumber","negative numbers"],"fullName":"formatDisplayNumber negative numbers formats negative numbers below 1000 with decimals","status":"passed","title":"formats negative numbers below 1000 with decimals","duration":0.4241499999999405,"failureMessages":[],"meta":{}},{"ancestorTitles":["formatDisplayNumber","negative numbers"],"fullName":"formatDisplayNumber negative numbers formats negative numbers at or above 1000 without decimals","status":"passed","title":"formats negative numbers at or above 1000 without decimals","duration":0.20458099999996193,"failureMessages":[],"meta":{}},{"ancestorTitles":["formatDisplayPercent"],"fullName":"formatDisplayPercent formats percentage with decimals and % symbol","status":"passed","title":"formats percentage with decimals and % symbol","duration":0.2876660000000584,"failureMessages":[],"meta":{}},{"ancestorTitles":["formatDisplayPercent"],"fullName":"formatDisplayPercent formats small percentages","status":"passed","title":"formats small percentages","duration":0.2023060000000214,"failureMessages":[],"meta":{}},{"ancestorTitles":["formatDisplayPercent"],"fullName":"formatDisplayPercent formats 100%","status":"passed","title":"formats 100%","duration":0.17054800000005343,"failureMessages":[],"meta":{}},{"ancestorTitles":["formatDisplayPercent"],"fullName":"formatDisplayPercent respects decimal separator setting","status":"passed","title":"respects decimal separator setting","duration":0.2053529999999455,"failureMessages":[],"meta":{}},{"ancestorTitles":["formatDisplayPercent","with showSign option"],"fullName":"formatDisplayPercent with showSign option shows + sign for positive values when showSign is true","status":"passed","title":"shows + sign for positive values when showSign is true","duration":0.18237999999996646,"failureMessages":[],"meta":{}},{"ancestorTitles":["formatDisplayPercent","with showSign option"],"fullName":"formatDisplayPercent with showSign option shows - sign for negative values when showSign is true","status":"passed","title":"shows - sign for negative values when showSign is true","duration":0.1847539999999981,"failureMessages":[],"meta":{}},{"ancestorTitles":["formatDisplayPercent","with showSign option"],"fullName":"formatDisplayPercent with showSign option shows + sign for zero when showSign is true","status":"passed","title":"shows + sign for zero when showSign is true","duration":0.1477149999999483,"failureMessages":[],"meta":{}},{"ancestorTitles":["formatDisplayPercent","with showSign option"],"fullName":"formatDisplayPercent with showSign option does not show + sign for positive values when showSign is false","status":"passed","title":"does not show + sign for positive values when showSign is false","duration":0.14990900000009333,"failureMessages":[],"meta":{}},{"ancestorTitles":["formatDisplayPercent","with showSign option"],"fullName":"formatDisplayPercent with showSign option handles negative values without showSign","status":"passed","title":"handles negative values without showSign","duration":0.14990899999997964,"failureMessages":[],"meta":{}},{"ancestorTitles":["formatDisplayCurrency"],"fullName":"formatDisplayCurrency formats currency with symbol and no decimals for values >= 1000","status":"passed","title":"formats currency with symbol and no decimals for values >= 1000","duration":0.3507329999999911,"failureMessages":[],"meta":{}},{"ancestorTitles":["formatDisplayCurrency"],"fullName":"formatDisplayCurrency formats currency with decimals for values < 1000","status":"passed","title":"formats currency with decimals for values < 1000","duration":0.28779599999995753,"failureMessages":[],"meta":{}},{"ancestorTitles":["formatDisplayCurrency"],"fullName":"formatDisplayCurrency uses specified currency symbol","status":"passed","title":"uses specified currency symbol","duration":0.17083800000000338,"failureMessages":[],"meta":{}},{"ancestorTitles":["formatDisplayCurrency"],"fullName":"formatDisplayCurrency uses specified currency symbol for GBP","status":"passed","title":"uses specified currency symbol for GBP","duration":0.16665999999997894,"failureMessages":[],"meta":{}},{"ancestorTitles":["formatDisplayCurrency"],"fullName":"formatDisplayCurrency respects decimal separator setting","status":"passed","title":"respects decimal separator setting","duration":0.17401399999994283,"failureMessages":[],"meta":{}},{"ancestorTitles":["formatDisplayCurrency"],"fullName":"formatDisplayCurrency formats negative currency values","status":"passed","title":"formats negative currency values","duration":0.1607890000000225,"failureMessages":[],"meta":{}},{"ancestorTitles":["formatDisplayCurrency"],"fullName":"formatDisplayCurrency formats zero","status":"passed","title":"formats zero","duration":0.1938119999999799,"failureMessages":[],"meta":{}}],"startTime":1768083521755,"endTime":1768083521768.1938,"status":"passed","message":"","name":"/home/runner/work/fire-tools/fire-tools/src/utils/numberFormatter.test.ts"},{"assertionResults":[{"ancestorTitles":["Tour preferences"],"fullName":"Tour preferences should default to not completed","status":"passed","title":"should default to not completed","duration":2.233891000000085,"failureMessages":[],"meta":{}},{"ancestorTitles":["Tour preferences"],"fullName":"Tour preferences should persist completion state","status":"passed","title":"should persist completion state","duration":10.412873999999988,"failureMessages":[],"meta":{}},{"ancestorTitles":["Tour preferences"],"fullName":"Tour preferences should handle corrupted data gracefully","status":"passed","title":"should handle corrupted data gracefully","duration":0.9907350000000861,"failureMessages":[],"meta":{}},{"ancestorTitles":["Tour preferences"],"fullName":"Tour preferences should clear preference","status":"passed","title":"should clear preference","duration":1.3045199999999113,"failureMessages":[],"meta":{}}],"startTime":1768083522627,"endTime":1768083522642.3044,"status":"passed","message":"","name":"/home/runner/work/fire-tools/fire-tools/src/utils/tourPreferences.test.ts"},{"assertionResults":[{"ancestorTitles":["urlParams","serializeInputsToURL"],"fullName":"urlParams serializeInputsToURL serializes all calculator inputs to URL parameters","status":"passed","title":"serializes all calculator inputs to URL parameters","duration":3.6674909999999272,"failureMessages":[],"meta":{}},{"ancestorTitles":["urlParams","serializeInputsToURL"],"fullName":"urlParams serializeInputsToURL serializes custom inputs correctly","status":"passed","title":"serializes custom inputs correctly","duration":0.43128300000000763,"failureMessages":[],"meta":{}},{"ancestorTitles":["urlParams","deserializeInputsFromURL"],"fullName":"urlParams deserializeInputsFromURL deserializes all parameters correctly","status":"passed","title":"deserializes all parameters correctly","duration":1.4367359999999962,"failureMessages":[],"meta":{}},{"ancestorTitles":["urlParams","deserializeInputsFromURL"],"fullName":"urlParams deserializeInputsFromURL falls back to defaults for missing parameters","status":"passed","title":"falls back to defaults for missing parameters","duration":0.4012769999999364,"failureMessages":[],"meta":{}},{"ancestorTitles":["urlParams","deserializeInputsFromURL"],"fullName":"urlParams deserializeInputsFromURL falls back to defaults for invalid number parameters","status":"passed","title":"falls back to defaults for invalid number parameters","duration":0.2885670000000573,"failureMessages":[],"meta":{}},{"ancestorTitles":["urlParams","deserializeInputsFromURL"],"fullName":"urlParams deserializeInputsFromURL handles boolean parameters correctly","status":"passed","title":"handles boolean parameters correctly","duration":0.37680199999999786,"failureMessages":[],"meta":{}},{"ancestorTitles":["urlParams","deserializeInputsFromURL"],"fullName":"urlParams deserializeInputsFromURL handles negative numbers correctly","status":"passed","title":"handles negative numbers correctly","duration":0.2231059999999161,"failureMessages":[],"meta":{}},{"ancestorTitles":["urlParams","hasURLParams"],"fullName":"urlParams hasURLParams returns true when calculator parameters are present","status":"passed","title":"returns true when calculator parameters are present","duration":0.26876999999990403,"failureMessages":[],"meta":{}},{"ancestorTitles":["urlParams","hasURLParams"],"fullName":"urlParams hasURLParams returns true when any parameter is present","status":"passed","title":"returns true when any parameter is present","duration":0.30829400000004625,"failureMessages":[],"meta":{}},{"ancestorTitles":["urlParams","hasURLParams"],"fullName":"urlParams hasURLParams returns false when no parameters are present","status":"passed","title":"returns false when no parameters are present","duration":0.3168600000000197,"failureMessages":[],"meta":{}},{"ancestorTitles":["urlParams","round-trip serialization"],"fullName":"urlParams round-trip serialization preserves all values through serialization and deserialization","status":"passed","title":"preserves all values through serialization and deserialization","duration":1.2033509999999978,"failureMessages":[],"meta":{}},{"ancestorTitles":["urlParams","partial URL parameters"],"fullName":"urlParams partial URL parameters handles partial URL parameters like user provided example","status":"passed","title":"handles partial URL parameters like user provided example","duration":0.5677179999998998,"failureMessages":[],"meta":{}}],"startTime":1768083522917,"endTime":1768083522927.5676,"status":"passed","message":"","name":"/home/runner/work/fire-tools/fire-tools/src/utils/urlParams.test.ts"},{"assertionResults":[{"ancestorTitles":["useTableSort","AssetClassTable sorting"],"fullName":"useTableSort AssetClassTable sorting should sort by % Target (class) ascending","status":"passed","title":"should sort by % Target (class) ascending","duration":46.36764500000004,"failureMessages":[],"meta":{}},{"ancestorTitles":["useTableSort","AssetClassTable sorting"],"fullName":"useTableSort AssetClassTable sorting should sort by % Current descending","status":"passed","title":"should sort by % Current descending","duration":3.3405820000000404,"failureMessages":[],"meta":{}},{"ancestorTitles":["useTableSort","AssetClassTable sorting"],"fullName":"useTableSort AssetClassTable sorting should sort by Delta ascending","status":"passed","title":"should sort by Delta ascending","duration":3.0351530000000366,"failureMessages":[],"meta":{}},{"ancestorTitles":["useTableSort","Asset-specific table sorting"],"fullName":"useTableSort Asset-specific table sorting should sort by Asset Name ascending","status":"passed","title":"should sort by Asset Name ascending","duration":2.9529999999999745,"failureMessages":[],"meta":{}},{"ancestorTitles":["useTableSort","Asset-specific table sorting"],"fullName":"useTableSort Asset-specific table sorting should sort by Ticker descending","status":"passed","title":"should sort by Ticker descending","duration":3.251846999999998,"failureMessages":[],"meta":{}},{"ancestorTitles":["useTableSort","Asset-specific table sorting"],"fullName":"useTableSort Asset-specific table sorting should sort by Current Value ascending","status":"passed","title":"should sort by Current Value ascending","duration":2.327515000000176,"failureMessages":[],"meta":{}},{"ancestorTitles":["useTableSort","Asset-specific table sorting"],"fullName":"useTableSort Asset-specific table sorting should cycle through sort states: asc -> desc -> unsorted","status":"passed","title":"should cycle through sort states: asc -> desc -> unsorted","duration":3.7410279999999148,"failureMessages":[],"meta":{}}],"startTime":1768083517693,"endTime":1768083517758.741,"status":"passed","message":"","name":"/home/runner/work/fire-tools/fire-tools/src/utils/useTableSort.test.ts"}]}